<?xml version="1.0" encoding="UTF-8"?>
<!-- Generated by org.testng.reporters.JUnitXMLReporter -->
<testsuite ignored="1" hostname="DESKTOP-BJ49A8N" failures="0" tests="3" name="Test" time="0.096" errors="0" timestamp="2022-03-13T09:31:44 IST">
  <testcase classname="ese.ese" name="eseexam2022" time="0.013"/>
  <testcase classname="gate.Gateeee" name="gateexam2022" time="0.001"/>
  <testcase classname="gate.Gateeee" name="whygate" time="0.001"/>
  <testcase classname="ese.ese" name="whyese" time="0.0">
    <ignored/>
  </testcase> <!-- whyese -->
</testsuite> <!-- Test -->
