<?xml version="1.0" encoding="UTF-8"?>
<testng-results ignored="1" total="4" passed="3" failed="0" skipped="0">
  <reporter-output>
  </reporter-output>
  <suite started-at="2022-03-13T09:31:43 IST" name="Suite" finished-at="2022-03-13T09:31:44 IST" duration-ms="96">
    <groups>
    </groups>
    <test started-at="2022-03-13T09:31:43 IST" name="Test" finished-at="2022-03-13T09:31:44 IST" duration-ms="96">
      <class name="gate.Gateeee">
        <test-method signature="gateexam2022()[pri:0, instance:gate.Gateeee@140c9f39]" started-at="2022-03-13T09:31:44 IST" name="gateexam2022" finished-at="2022-03-13T09:31:44 IST" duration-ms="1" status="PASS">
          <reporter-output>
          </reporter-output>
        </test-method> <!-- gateexam2022 -->
        <test-method signature="whygate()[pri:0, instance:gate.Gateeee@140c9f39]" started-at="2022-03-13T09:31:44 IST" name="whygate" finished-at="2022-03-13T09:31:44 IST" duration-ms="1" status="PASS">
          <reporter-output>
          </reporter-output>
        </test-method> <!-- whygate -->
      </class> <!-- gate.Gateeee -->
      <class name="ese.ese">
        <test-method signature="eseexam2022()[pri:0, instance:ese.ese@37858383]" started-at="2022-03-13T09:31:43 IST" name="eseexam2022" finished-at="2022-03-13T09:31:43 IST" duration-ms="13" status="PASS">
          <reporter-output>
          </reporter-output>
        </test-method> <!-- eseexam2022 -->
      </class> <!-- ese.ese -->
    </test> <!-- Test -->
  </suite> <!-- Suite -->
</testng-results>
